# JRE version: Java(TM) SE Runtime Environment (8.0_74-b02) (build 1.8.0_74-b02)
# Java VM: Java HotSpot(TM) 64-Bit Server VM (25.74-b02 mixed mode windows-amd64 compressed oops)
Heap:
 PSYoungGen      total 96768K, used 7059K [0x00000000eb400000, 0x00000000f1880000, 0x0000000100000000)
  eden space 90624K, 7% used [0x00000000eb400000,0x00000000ebae4e88,0x00000000f0c80000)
  from space 6144K, 0% used [0x00000000f0c80000,0x00000000f0c80000,0x00000000f1280000)
  to   space 5632K, 0% used [0x00000000f1280000,0x00000000f1280000,0x00000000f1800000)
 ParOldGen       total 48128K, used 12343K [0x00000000c1c00000, 0x00000000c4b00000, 0x00000000eb400000)
  object space 48128K, 25% used [0x00000000c1c00000,0x00000000c280de58,0x00000000c4b00000)
 Metaspace       used 35529K, capacity 37424K, committed 37888K, reserved 1085440K
  class space    used 4814K, capacity 5194K, committed 5376K, reserved 1048576K
GC Heap History (10 events):
Event: 13.936 GC heap before
{Heap before GC invocations=15 (full 2):
 PSYoungGen      total 96768K, used 384K [0x00000000eb400000, 0x00000000f1880000, 0x0000000100000000)
  eden space 90624K, 0% used [0x00000000eb400000,0x00000000eb400000,0x00000000f0c80000)
  from space 6144K, 6% used [0x00000000f0c80000,0x00000000f0ce0000,0x00000000f1280000)
  to   space 5632K, 0% used [0x00000000f1280000,0x00000000f1280000,0x00000000f1800000)
 ParOldGen       total 31232K, used 15717K [0x00000000c1c00000, 0x00000000c3a80000, 0x00000000eb400000)
  object space 31232K, 50% used [0x00000000c1c00000,0x00000000c2b59638,0x00000000c3a80000)
 Metaspace       used 33551K, capacity 35402K, committed 35496K, reserved 1079296K
  class space    used 4536K, capacity 4903K, committed 4992K, reserved 1048576K
Event: 14.093 GC heap after
Heap after GC invocations=15 (full 2):
 PSYoungGen      total 96768K, used 0K [0x00000000eb400000, 0x00000000f1880000, 0x0000000100000000)
  eden space 90624K, 0% used [0x00000000eb400000,0x00000000eb400000,0x00000000f0c80000)
  from space 6144K, 0% used [0x00000000f0c80000,0x00000000f0c80000,0x00000000f1280000)
  to   space 5632K, 0% used [0x00000000f1280000,0x00000000f1280000,0x00000000f1800000)
 ParOldGen       total 48128K, used 13169K [0x00000000c1c00000, 0x00000000c4b00000, 0x00000000eb400000)
  object space 48128K, 27% used [0x00000000c1c00000,0x00000000c28dc458,0x00000000c4b00000)
 Metaspace       used 33551K, capacity 35402K, committed 35496K, reserved 1079296K
  class space    used 4536K, capacity 4903K, committed 4992K, reserved 1048576K
}
Event: 14.454 GC heap before
{Heap before GC invocations=16 (full 2):
 PSYoungGen      total 96768K, used 22136K [0x00000000eb400000, 0x00000000f1880000, 0x0000000100000000)
  eden space 90624K, 24% used [0x00000000eb400000,0x00000000ec99e2b0,0x00000000f0c80000)
  from space 6144K, 0% used [0x00000000f0c80000,0x00000000f0c80000,0x00000000f1280000)
  to   space 5632K, 0% used [0x00000000f1280000,0x00000000f1280000,0x00000000f1800000)
 ParOldGen       total 48128K, used 13169K [0x00000000c1c00000, 0x00000000c4b00000, 0x00000000eb400000)
  object space 48128K, 27% used [0x00000000c1c00000,0x00000000c28dc458,0x00000000c4b00000)
 Metaspace       used 35495K, capacity 37434K, committed 37504K, reserved 1085440K
  class space    used 4802K, capacity 5191K, committed 5248K, reserved 1048576K
Event: 14.459 GC heap after
Heap after GC invocations=16 (full 2):
 PSYoungGen      total 96256K, used 2075K [0x00000000eb400000, 0x00000000f1880000, 0x0000000100000000)
  eden space 90624K, 0% used [0x00000000eb400000,0x00000000eb400000,0x00000000f0c80000)
  from space 5632K, 36% used [0x00000000f1280000,0x00000000f1486eb8,0x00000000f1800000)
  to   space 6144K, 0% used [0x00000000f0c80000,0x00000000f0c80000,0x00000000f1280000)
 ParOldGen       total 48128K, used 13177K [0x00000000c1c00000, 0x00000000c4b00000, 0x00000000eb400000)
  object space 48128K, 27% used [0x00000000c1c00000,0x00000000c28de458,0x00000000c4b00000)
 Metaspace       used 35495K, capacity 37434K, committed 37504K, reserved 1085440K
  class space    used 4802K, capacity 5191K, committed 5248K, reserved 1048576K
}
Event: 14.459 GC heap before
{Heap before GC invocations=17 (full 3):
 PSYoungGen      total 96256K, used 2075K [0x00000000eb400000, 0x00000000f1880000, 0x0000000100000000)
  eden space 90624K, 0% used [0x00000000eb400000,0x00000000eb400000,0x00000000f0c80000)
  from space 5632K, 36% used [0x00000000f1280000,0x00000000f1486eb8,0x00000000f1800000)
  to   space 6144K, 0% used [0x00000000f0c80000,0x00000000f0c80000,0x00000000f1280000)
 ParOldGen       total 48128K, used 13177K [0x00000000c1c00000, 0x00000000c4b00000, 0x00000000eb400000)
  object space 48128K, 27% used [0x00000000c1c00000,0x00000000c28de458,0x00000000c4b00000)
 Metaspace       used 35495K, capacity 37434K, committed 37504K, reserved 1085440K
  class space    used 4802K, capacity 5191K, committed 5248K, reserved 1048576K
Event: 14.656 GC heap after
Heap after GC invocations=17 (full 3):
 PSYoungGen      total 96256K, used 0K [0x00000000eb400000, 0x00000000f1880000, 0x0000000100000000)
  eden space 90624K, 0% used [0x00000000eb400000,0x00000000eb400000,0x00000000f0c80000)
  from space 5632K, 0% used [0x00000000f1280000,0x00000000f1280000,0x00000000f1800000)
  to   space 6144K, 0% used [0x00000000f0c80000,0x00000000f0c80000,0x00000000f1280000)
 ParOldGen       total 48128K, used 15029K [0x00000000c1c00000, 0x00000000c4b00000, 0x00000000eb400000)
  object space 48128K, 31% used [0x00000000c1c00000,0x00000000c2aad7a0,0x00000000c4b00000)
 Metaspace       used 35495K, capacity 37434K, committed 37504K, reserved 1083392K
  class space    used 4802K, capacity 5191K, committed 5248K, reserved 1048576K
}
Event: 14.656 GC heap before
{Heap before GC invocations=18 (full 3):
 PSYoungGen      total 96256K, used 0K [0x00000000eb400000, 0x00000000f1880000, 0x0000000100000000)
  eden space 90624K, 0% used [0x00000000eb400000,0x00000000eb400000,0x00000000f0c80000)
  from space 5632K, 0% used [0x00000000f1280000,0x00000000f1280000,0x00000000f1800000)
  to   space 6144K, 0% used [0x00000000f0c80000,0x00000000f0c80000,0x00000000f1280000)
 ParOldGen       total 48128K, used 15029K [0x00000000c1c00000, 0x00000000c4b00000, 0x00000000eb400000)
  object space 48128K, 31% used [0x00000000c1c00000,0x00000000c2aad7a0,0x00000000c4b00000)
 Metaspace       used 35495K, capacity 37434K, committed 37504K, reserved 1087488K
  class space    used 4802K, capacity 5191K, committed 5248K, reserved 1048576K
Event: 14.659 GC heap after
Heap after GC invocations=18 (full 3):
 PSYoungGen      total 96768K, used 0K [0x00000000eb400000, 0x00000000f1880000, 0x0000000100000000)
  eden space 90624K, 0% used [0x00000000eb400000,0x00000000eb400000,0x00000000f0c80000)
  from space 6144K, 0% used [0x00000000f0c80000,0x00000000f0c80000,0x00000000f1280000)
  to   space 5632K, 0% used [0x00000000f1280000,0x00000000f1280000,0x00000000f1800000)
 ParOldGen       total 48128K, used 15029K [0x00000000c1c00000, 0x00000000c4b00000, 0x00000000eb400000)
  object space 48128K, 31% used [0x00000000c1c00000,0x00000000c2aad7a0,0x00000000c4b00000)
 Metaspace       used 35495K, capacity 37434K, committed 37504K, reserved 1087488K
  class space    used 4802K, capacity 5191K, committed 5248K, reserved 1048576K
}
Event: 14.659 GC heap before
{Heap before GC invocations=19 (full 4):
 PSYoungGen      total 96768K, used 0K [0x00000000eb400000, 0x00000000f1880000, 0x0000000100000000)
  eden space 90624K, 0% used [0x00000000eb400000,0x00000000eb400000,0x00000000f0c80000)
  from space 6144K, 0% used [0x00000000f0c80000,0x00000000f0c80000,0x00000000f1280000)
  to   space 5632K, 0% used [0x00000000f1280000,0x00000000f1280000,0x00000000f1800000)
 ParOldGen       total 48128K, used 15029K [0x00000000c1c00000, 0x00000000c4b00000, 0x00000000eb400000)
  object space 48128K, 31% used [0x00000000c1c00000,0x00000000c2aad7a0,0x00000000c4b00000)
 Metaspace       used 35495K, capacity 37434K, committed 37504K, reserved 1087488K
  class space    used 4802K, capacity 5191K, committed 5248K, reserved 1048576K
Event: 14.845 GC heap after
Heap after GC invocations=19 (full 4):
 PSYoungGen      total 96768K, used 0K [0x00000000eb400000, 0x00000000f1880000, 0x0000000100000000)
  eden space 90624K, 0% used [0x00000000eb400000,0x00000000eb400000,0x00000000f0c80000)
  from space 6144K, 0% used [0x00000000f0c80000,0x00000000f0c80000,0x00000000f1280000)
  to   space 5632K, 0% used [0x00000000f1280000,0x00000000f1280000,0x00000000f1800000)
 ParOldGen       total 48128K, used 12343K [0x00000000c1c00000, 0x00000000c4b00000, 0x00000000eb400000)
  object space 48128K, 25% used [0x00000000c1c00000,0x00000000c280de58,0x00000000c4b00000)
 Metaspace       used 35289K, capacity 37104K, committed 37504K, reserved 1083392K
  class space    used 4769K, capacity 5130K, committed 5248K, reserved 1048576K
}

