# JRE version: Java(TM) SE Runtime Environment (8.0_74-b02) (build 1.8.0_74-b02)
# Java VM: Java HotSpot(TM) 64-Bit Server VM (25.74-b02 mixed mode windows-amd64 compressed oops)
Heap:
 PSYoungGen      total 221184K, used 9996K [0x00000000eb400000, 0x00000000fa400000, 0x0000000100000000)
  eden space 209920K, 4% used [0x00000000eb400000,0x00000000ebdc32c0,0x00000000f8100000)
  from space 11264K, 0% used [0x00000000f9900000,0x00000000f9900000,0x00000000fa400000)
  to   space 12800K, 0% used [0x00000000f8b00000,0x00000000f8b00000,0x00000000f9780000)
 ParOldGen       total 47104K, used 20801K [0x00000000c1c00000, 0x00000000c4a00000, 0x00000000eb400000)
  object space 47104K, 44% used [0x00000000c1c00000,0x00000000c3050728,0x00000000c4a00000)
 Metaspace       used 46900K, capacity 49590K, committed 49664K, reserved 1095680K
  class space    used 6372K, capacity 6872K, committed 6912K, reserved 1048576K
GC Heap History (10 events):
Event: 11.762 GC heap before
{Heap before GC invocations=14 (full 2):
 PSYoungGen      total 165376K, used 154624K [0x00000000eb400000, 0x00000000fa400000, 0x0000000100000000)
  eden space 154624K, 100% used [0x00000000eb400000,0x00000000f4b00000,0x00000000f4b00000)
  from space 10752K, 0% used [0x00000000f4b00000,0x00000000f4b00000,0x00000000f5580000)
  to   space 11264K, 0% used [0x00000000f9900000,0x00000000f9900000,0x00000000fa400000)
 ParOldGen       total 47104K, used 13401K [0x00000000c1c00000, 0x00000000c4a00000, 0x00000000eb400000)
  object space 47104K, 28% used [0x00000000c1c00000,0x00000000c29164d0,0x00000000c4a00000)
 Metaspace       used 44378K, capacity 46710K, committed 46976K, reserved 1089536K
  class space    used 5992K, capacity 6463K, committed 6528K, reserved 1048576K
Event: 11.782 GC heap after
Heap after GC invocations=14 (full 2):
 PSYoungGen      total 221184K, used 11244K [0x00000000eb400000, 0x00000000fa400000, 0x0000000100000000)
  eden space 209920K, 0% used [0x00000000eb400000,0x00000000eb400000,0x00000000f8100000)
  from space 11264K, 99% used [0x00000000f9900000,0x00000000fa3fb2d8,0x00000000fa400000)
  to   space 12800K, 0% used [0x00000000f8b00000,0x00000000f8b00000,0x00000000f9780000)
 ParOldGen       total 47104K, used 13473K [0x00000000c1c00000, 0x00000000c4a00000, 0x00000000eb400000)
  object space 47104K, 28% used [0x00000000c1c00000,0x00000000c29284e0,0x00000000c4a00000)
 Metaspace       used 44378K, capacity 46710K, committed 46976K, reserved 1089536K
  class space    used 5992K, capacity 6463K, committed 6528K, reserved 1048576K
}
Event: 12.550 GC heap before
{Heap before GC invocations=15 (full 2):
 PSYoungGen      total 221184K, used 66577K [0x00000000eb400000, 0x00000000fa400000, 0x0000000100000000)
  eden space 209920K, 26% used [0x00000000eb400000,0x00000000eea09510,0x00000000f8100000)
  from space 11264K, 99% used [0x00000000f9900000,0x00000000fa3fb2d8,0x00000000fa400000)
  to   space 12800K, 0% used [0x00000000f8b00000,0x00000000f8b00000,0x00000000f9780000)
 ParOldGen       total 47104K, used 13473K [0x00000000c1c00000, 0x00000000c4a00000, 0x00000000eb400000)
  object space 47104K, 28% used [0x00000000c1c00000,0x00000000c29284e0,0x00000000c4a00000)
 Metaspace       used 46288K, capacity 48948K, committed 49024K, reserved 1095680K
  class space    used 6264K, capacity 6751K, committed 6784K, reserved 1048576K
Event: 12.564 GC heap after
Heap after GC invocations=15 (full 2):
 PSYoungGen      total 222720K, used 5065K [0x00000000eb400000, 0x00000000fa400000, 0x0000000100000000)
  eden space 209920K, 0% used [0x00000000eb400000,0x00000000eb400000,0x00000000f8100000)
  from space 12800K, 39% used [0x00000000f8b00000,0x00000000f8ff26f0,0x00000000f9780000)
  to   space 11264K, 0% used [0x00000000f9900000,0x00000000f9900000,0x00000000fa400000)
 ParOldGen       total 47104K, used 18302K [0x00000000c1c00000, 0x00000000c4a00000, 0x00000000eb400000)
  object space 47104K, 38% used [0x00000000c1c00000,0x00000000c2ddfad0,0x00000000c4a00000)
 Metaspace       used 46288K, capacity 48948K, committed 49024K, reserved 1095680K
  class space    used 6264K, capacity 6751K, committed 6784K, reserved 1048576K
}
Event: 12.564 GC heap before
{Heap before GC invocations=16 (full 3):
 PSYoungGen      total 222720K, used 5065K [0x00000000eb400000, 0x00000000fa400000, 0x0000000100000000)
  eden space 209920K, 0% used [0x00000000eb400000,0x00000000eb400000,0x00000000f8100000)
  from space 12800K, 39% used [0x00000000f8b00000,0x00000000f8ff26f0,0x00000000f9780000)
  to   space 11264K, 0% used [0x00000000f9900000,0x00000000f9900000,0x00000000fa400000)
 ParOldGen       total 47104K, used 18302K [0x00000000c1c00000, 0x00000000c4a00000, 0x00000000eb400000)
  object space 47104K, 38% used [0x00000000c1c00000,0x00000000c2ddfad0,0x00000000c4a00000)
 Metaspace       used 46288K, capacity 48948K, committed 49024K, reserved 1095680K
  class space    used 6264K, capacity 6751K, committed 6784K, reserved 1048576K
Event: 12.895 GC heap after
Heap after GC invocations=16 (full 3):
 PSYoungGen      total 222720K, used 0K [0x00000000eb400000, 0x00000000fa400000, 0x0000000100000000)
  eden space 209920K, 0% used [0x00000000eb400000,0x00000000eb400000,0x00000000f8100000)
  from space 12800K, 0% used [0x00000000f8b00000,0x00000000f8b00000,0x00000000f9780000)
  to   space 11264K, 0% used [0x00000000f9900000,0x00000000f9900000,0x00000000fa400000)
 ParOldGen       total 47104K, used 22126K [0x00000000c1c00000, 0x00000000c4a00000, 0x00000000eb400000)
  object space 47104K, 46% used [0x00000000c1c00000,0x00000000c319b840,0x00000000c4a00000)
 Metaspace       used 46288K, capacity 48948K, committed 49024K, reserved 1093632K
  class space    used 6264K, capacity 6751K, committed 6784K, reserved 1048576K
}
Event: 12.979 GC heap before
{Heap before GC invocations=17 (full 3):
 PSYoungGen      total 222720K, used 8872K [0x00000000eb400000, 0x00000000fa400000, 0x0000000100000000)
  eden space 209920K, 4% used [0x00000000eb400000,0x00000000ebcaa250,0x00000000f8100000)
  from space 12800K, 0% used [0x00000000f8b00000,0x00000000f8b00000,0x00000000f9780000)
  to   space 11264K, 0% used [0x00000000f9900000,0x00000000f9900000,0x00000000fa400000)
 ParOldGen       total 47104K, used 22126K [0x00000000c1c00000, 0x00000000c4a00000, 0x00000000eb400000)
  object space 47104K, 46% used [0x00000000c1c00000,0x00000000c319b840,0x00000000c4a00000)
 Metaspace       used 46612K, capacity 49268K, committed 49408K, reserved 1097728K
  class space    used 6315K, capacity 6815K, committed 6912K, reserved 1048576K
Event: 12.982 GC heap after
Heap after GC invocations=17 (full 3):
 PSYoungGen      total 221184K, used 595K [0x00000000eb400000, 0x00000000fa400000, 0x0000000100000000)
  eden space 209920K, 0% used [0x00000000eb400000,0x00000000eb400000,0x00000000f8100000)
  from space 11264K, 5% used [0x00000000f9900000,0x00000000f9994d48,0x00000000fa400000)
  to   space 12800K, 0% used [0x00000000f8b00000,0x00000000f8b00000,0x00000000f9780000)
 ParOldGen       total 47104K, used 22126K [0x00000000c1c00000, 0x00000000c4a00000, 0x00000000eb400000)
  object space 47104K, 46% used [0x00000000c1c00000,0x00000000c319b840,0x00000000c4a00000)
 Metaspace       used 46612K, capacity 49268K, committed 49408K, reserved 1097728K
  class space    used 6315K, capacity 6815K, committed 6912K, reserved 1048576K
}
Event: 12.982 GC heap before
{Heap before GC invocations=18 (full 4):
 PSYoungGen      total 221184K, used 595K [0x00000000eb400000, 0x00000000fa400000, 0x0000000100000000)
  eden space 209920K, 0% used [0x00000000eb400000,0x00000000eb400000,0x00000000f8100000)
  from space 11264K, 5% used [0x00000000f9900000,0x00000000f9994d48,0x00000000fa400000)
  to   space 12800K, 0% used [0x00000000f8b00000,0x00000000f8b00000,0x00000000f9780000)
 ParOldGen       total 47104K, used 22126K [0x00000000c1c00000, 0x00000000c4a00000, 0x00000000eb400000)
  object space 47104K, 46% used [0x00000000c1c00000,0x00000000c319b840,0x00000000c4a00000)
 Metaspace       used 46612K, capacity 49268K, committed 49408K, reserved 1097728K
  class space    used 6315K, capacity 6815K, committed 6912K, reserved 1048576K
Event: 13.076 GC heap after
Heap after GC invocations=18 (full 4):
 PSYoungGen      total 221184K, used 0K [0x00000000eb400000, 0x00000000fa400000, 0x0000000100000000)
  eden space 209920K, 0% used [0x00000000eb400000,0x00000000eb400000,0x00000000f8100000)
  from space 11264K, 0% used [0x00000000f9900000,0x00000000f9900000,0x00000000fa400000)
  to   space 12800K, 0% used [0x00000000f8b00000,0x00000000f8b00000,0x00000000f9780000)
 ParOldGen       total 47104K, used 20801K [0x00000000c1c00000, 0x00000000c4a00000, 0x00000000eb400000)
  object space 47104K, 44% used [0x00000000c1c00000,0x00000000c3050728,0x00000000c4a00000)
 Metaspace       used 46612K, capacity 49268K, committed 49408K, reserved 1095680K
  class space    used 6315K, capacity 6815K, committed 6912K, reserved 1048576K
}

